INFO main com.guorui.smart.util.PropsUtil - loaded properties file:{0}
INFO main com.guorui.smart.util.PropsUtil - loaded properties file:{0}
INFO main com.guorui.smart.util.PropsUtil - loaded properties file:{0}
INFO main com.guorui.smart.util.PropsUtil - loaded properties file:{0}
INFO main com.guorui.smart.util.PropsUtil - loaded properties file:{0}
INFO main com.guorui.smart.util.PropsUtil - loaded properties file:{0}
INFO main com.guorui.smart.util.PropsUtil - loaded properties file:{0}
INFO main com.guorui.smart.util.PropsUtil - loaded properties file:{0}
INFO main com.guorui.smart.util.PropsUtil - loaded properties file:{0}
INFO main com.guorui.smart.util.PropsUtil - loaded properties file:{0}
INFO main com.guorui.smart.util.PropsUtil - loaded properties file:{0}
INFO main com.guorui.smart.util.PropsUtil - loaded properties file:{0}
INFO main com.guorui.smart.util.PropsUtil - loaded properties file:{0}
INFO main com.guorui.smart.util.PropsUtil - loaded properties file:{0}
INFO main com.guorui.smart.util.PropsUtil - loaded properties file:{0}
INFO main com.guorui.smart.util.PropsUtil - loaded properties file:{0}
INFO main com.guorui.smart.util.PropsUtil - loaded properties file:{0}
INFO main com.guorui.smart.util.DatabaseUtil - 111111:insert into Customer (
INFO main com.guorui.smart.util.PropsUtil - loaded properties file:{0}
INFO main com.guorui.smart.util.DatabaseUtil - 111111:insert into Customer (
INFO main com.guorui.smart.util.PropsUtil - loaded properties file:{0}
INFO main com.guorui.smart.util.DatabaseUtil - com.guorui.smart.model.Customer
INFO main com.guorui.smart.util.DatabaseUtil - 111111:insert into Customer (
INFO main com.guorui.smart.util.PropsUtil - loaded properties file:{0}
INFO main com.guorui.smart.util.DatabaseUtil - com.guorui.smart.model.Customer
INFO main com.guorui.smart.util.DatabaseUtil - 0
INFO main com.guorui.smart.util.DatabaseUtil - 111111:insert into Customer (
INFO main com.guorui.smart.util.PropsUtil - loaded properties file:{0}
INFO main com.guorui.smart.util.DatabaseUtil - com.guorui.smart.model.Customer
INFO main com.guorui.smart.util.DatabaseUtil - 0
INFO main com.guorui.smart.util.DatabaseUtil - 111111:insert into Customer (
INFO main com.guorui.smart.util.PropsUtil - loaded properties file:{0}
INFO main com.guorui.smart.util.DatabaseUtil - com.guorui.smart.model.Customer
INFO main com.guorui.smart.util.DatabaseUtil - [Ljava.lang.reflect.Field;@1637f22
INFO main com.guorui.smart.util.DatabaseUtil - 111111:insert into Customer (
INFO main com.guorui.smart.util.PropsUtil - loaded properties file:{0}
INFO main com.guorui.smart.util.PropsUtil - loaded properties file:{0}
INFO main com.guorui.smart.util.DatabaseUtil - 6
INFO main com.guorui.smart.util.DatabaseUtil - com.guorui.smart.model.Customer
INFO main com.guorui.smart.util.DatabaseUtil - [Ljava.lang.reflect.Field;@1637f22
INFO main com.guorui.smart.util.DatabaseUtil - 111111:insert into Customer (
INFO main com.guorui.smart.util.PropsUtil - loaded properties file:{0}
INFO main com.guorui.smart.util.DatabaseUtil - 6
INFO main com.guorui.smart.util.DatabaseUtil - com.guorui.smart.model.Customer
INFO main com.guorui.smart.util.DatabaseUtil - 6
INFO main com.guorui.smart.util.DatabaseUtil - 111111:insert into Customer (
INFO main com.guorui.smart.util.PropsUtil - loaded properties file:{0}
INFO main com.guorui.smart.util.DatabaseUtil - 6
INFO main com.guorui.smart.util.DatabaseUtil - com.guorui.smart.model.Customer
INFO main com.guorui.smart.util.DatabaseUtil - 6
INFO main com.guorui.smart.util.DatabaseUtil - field:id
INFO main com.guorui.smart.util.DatabaseUtil - field:name
INFO main com.guorui.smart.util.DatabaseUtil - field:contact
INFO main com.guorui.smart.util.DatabaseUtil - field:telephone
INFO main com.guorui.smart.util.DatabaseUtil - field:email
INFO main com.guorui.smart.util.DatabaseUtil - field:remark
INFO main com.guorui.smart.util.DatabaseUtil - 111111:insert into Customer (id,name,contact,telephone,email,remark,
INFO main com.guorui.smart.util.PropsUtil - loaded properties file:{0}
INFO main com.guorui.smart.util.DatabaseUtil - field:id
INFO main com.guorui.smart.util.DatabaseUtil - field:name
INFO main com.guorui.smart.util.DatabaseUtil - field:contact
INFO main com.guorui.smart.util.DatabaseUtil - field:telephone
INFO main com.guorui.smart.util.DatabaseUtil - field:email
INFO main com.guorui.smart.util.DatabaseUtil - field:remark
INFO main com.guorui.smart.util.DatabaseUtil - 111111:insert into Customer (id,name,contact,telephone,email,remark,
INFO main com.guorui.smart.util.PropsUtil - loaded properties file:{0}
INFO main com.guorui.smart.util.DatabaseUtil - field:id
INFO main com.guorui.smart.util.DatabaseUtil - field:name
INFO main com.guorui.smart.util.DatabaseUtil - field:contact
INFO main com.guorui.smart.util.DatabaseUtil - field:telephone
INFO main com.guorui.smart.util.DatabaseUtil - field:email
INFO main com.guorui.smart.util.DatabaseUtil - field:remark
INFO main com.guorui.smart.util.DatabaseUtil - 111111:insert into Customer (id,name,contact,telephone,email,remark,
INFO main com.guorui.smart.util.DatabaseUtil - sql1:insert into Customer (id,name,contact,telephone,email,remark) ,) values (?,?,?,?,?,?) ,
INFO main com.guorui.smart.util.DatabaseUtil - params:[Ljava.lang.Object;@1637f22
INFO main com.guorui.smart.util.PropsUtil - loaded properties file:{0}
INFO main com.guorui.smart.util.DatabaseUtil - field:id
INFO main com.guorui.smart.util.DatabaseUtil - field:name
INFO main com.guorui.smart.util.DatabaseUtil - field:contact
INFO main com.guorui.smart.util.DatabaseUtil - field:telephone
INFO main com.guorui.smart.util.DatabaseUtil - field:email
INFO main com.guorui.smart.util.DatabaseUtil - field:remark
INFO main com.guorui.smart.util.DatabaseUtil - 111111:insert into Customer (id,name,contact,telephone,email,remark,
INFO main com.guorui.smart.util.DatabaseUtil - sql1:insert into Customer (id,name,contact,telephone,email,remark)  values (?,?,?,?,?,?) 
INFO main com.guorui.smart.util.DatabaseUtil - params:[Ljava.lang.Object;@1637f22
INFO main com.guorui.smart.util.PropsUtil - loaded properties file:{0}
INFO main com.guorui.smart.util.DatabaseUtil - field:id
INFO main com.guorui.smart.util.DatabaseUtil - field:name
INFO main com.guorui.smart.util.DatabaseUtil - field:contact
INFO main com.guorui.smart.util.DatabaseUtil - field:telephone
INFO main com.guorui.smart.util.DatabaseUtil - field:email
INFO main com.guorui.smart.util.DatabaseUtil - field:remark
INFO main com.guorui.smart.util.DatabaseUtil - 111111:insert into Customer (id,name,contact,telephone,email,remark,
INFO main com.guorui.smart.util.DatabaseUtil - sql1:insert into Customer (id,name,contact,telephone,email,remark)  values (?,?,?,?,?,?) 
INFO main com.guorui.smart.util.DatabaseUtil - params:[Ljava.lang.Object;@1637f22
INFO main com.guorui.smart.util.PropsUtil - loaded properties file:{0}
INFO main com.guorui.smart.util.DatabaseUtil - field:id
INFO main com.guorui.smart.util.DatabaseUtil - field:name
INFO main com.guorui.smart.util.DatabaseUtil - field:contact
INFO main com.guorui.smart.util.DatabaseUtil - field:telephone
INFO main com.guorui.smart.util.DatabaseUtil - field:email
INFO main com.guorui.smart.util.DatabaseUtil - field:remark
INFO main com.guorui.smart.util.DatabaseUtil - 111111:insert into Customer (id,name,contact,telephone,email,remark,
INFO main com.guorui.smart.util.DatabaseUtil - sql1:insert into Customer (id,name,contact,telephone,email,remark)  values (?,?,?,?,?,?) 
INFO main com.guorui.smart.util.DatabaseUtil - params:[Ljava.lang.Object;@1637f22
INFO main com.guorui.smart.util.PropsUtil - loaded properties file:{0}
INFO main com.guorui.smart.util.DatabaseUtil - field:id
INFO main com.guorui.smart.util.DatabaseUtil - field:name
INFO main com.guorui.smart.util.DatabaseUtil - field:contact
INFO main com.guorui.smart.util.DatabaseUtil - field:telephone
INFO main com.guorui.smart.util.DatabaseUtil - field:email
INFO main com.guorui.smart.util.DatabaseUtil - field:remark
INFO main com.guorui.smart.util.DatabaseUtil - 111111:insert into Customer (id,name,contact,telephone,email,remark,
INFO main com.guorui.smart.util.DatabaseUtil - sql1:insert into Customer (id,name,contact,telephone,email,remark)  values (?,?,?,?,?,?) 
INFO main com.guorui.smart.util.DatabaseUtil - params:[Ljava.lang.Object;@1637f22
INFO main com.guorui.smart.util.PropsUtil - loaded properties file:{0}
INFO main com.guorui.smart.util.DatabaseUtil - field:id
INFO main com.guorui.smart.util.DatabaseUtil - field:name
INFO main com.guorui.smart.util.DatabaseUtil - field:contact
INFO main com.guorui.smart.util.DatabaseUtil - field:telephone
INFO main com.guorui.smart.util.DatabaseUtil - field:email
INFO main com.guorui.smart.util.DatabaseUtil - field:remark
INFO main com.guorui.smart.util.DatabaseUtil - 111111:insert into Customer (id,name,contact,telephone,email,remark,
INFO main com.guorui.smart.util.DatabaseUtil - sql1:insert into Customer (id,name,contact,telephone,email,remark)  values (?,?,?,?,?,?) 
INFO main com.guorui.smart.util.DatabaseUtil - params:[Ljava.lang.Object;@1637f22
INFO main com.guorui.smart.util.DatabaseUtil - Customer [id=0, name=null, contact=null, telephone=null, email=null, comment=null]
INFO main com.guorui.smart.util.PropsUtil - loaded properties file:{0}
INFO main com.guorui.smart.util.DatabaseUtil - field:id
INFO main com.guorui.smart.util.DatabaseUtil - field:name
INFO main com.guorui.smart.util.DatabaseUtil - field:contact
INFO main com.guorui.smart.util.DatabaseUtil - field:telephone
INFO main com.guorui.smart.util.DatabaseUtil - field:email
INFO main com.guorui.smart.util.DatabaseUtil - field:remark
INFO main com.guorui.smart.util.DatabaseUtil - 111111:insert into Customer (id,name,contact,telephone,email,remark,
INFO main com.guorui.smart.util.DatabaseUtil - sql1:insert into Customer (id,name,contact,telephone,email,remark)  values (?,?,?,?,?,?) 
INFO main com.guorui.smart.util.DatabaseUtil - params:[Ljava.lang.Object;@1637f22
